2022-12-26 11:49:33.501  INFO 1348 --- [main] c.h.r.service.EmployeeServiceImpTest     : Starting EmployeeServiceImpTest using Java 17.0.4.1 on DESKTOP-I8FG7OT with PID 1348 (started by DELL in F:\Capstone_FSD\rest_api_crud)
2022-12-26 11:49:33.503 DEBUG 1348 --- [main] c.h.r.service.EmployeeServiceImpTest     : Running with Spring Boot v2.7.6, Spring v5.3.24
2022-12-26 11:49:33.508  INFO 1348 --- [main] c.h.r.service.EmployeeServiceImpTest     : No active profile set, falling back to 1 default profile: "default"
2022-12-26 11:49:35.188  INFO 1348 --- [main] .s.d.r.c.RepositoryConfigurationDelegate : Bootstrapping Spring Data JPA repositories in DEFAULT mode.
2022-12-26 11:49:35.289  INFO 1348 --- [main] .s.d.r.c.RepositoryConfigurationDelegate : Finished Spring Data repository scanning in 84 ms. Found 1 JPA repository interfaces.
2022-12-26 11:49:36.275  INFO 1348 --- [main] o.hibernate.jpa.internal.util.LogHelper  : HHH000204: Processing PersistenceUnitInfo [name: default]
2022-12-26 11:49:36.378  INFO 1348 --- [main] org.hibernate.Version                    : HHH000412: Hibernate ORM core version 5.6.14.Final
2022-12-26 11:49:36.625  INFO 1348 --- [main] o.hibernate.annotations.common.Version   : HCANN000001: Hibernate Commons Annotations {5.1.2.Final}
2022-12-26 11:49:36.852  INFO 1348 --- [main] com.zaxxer.hikari.HikariDataSource       : HikariPool-1 - Starting...
2022-12-26 11:49:37.397  INFO 1348 --- [main] com.zaxxer.hikari.HikariDataSource       : HikariPool-1 - Start completed.
2022-12-26 11:49:37.459  INFO 1348 --- [main] org.hibernate.dialect.Dialect            : HHH000400: Using dialect: org.hibernate.dialect.MySQL8Dialect
2022-12-26 11:49:38.674  INFO 1348 --- [main] o.h.e.t.j.p.i.JtaPlatformInitiator       : HHH000490: Using JtaPlatform implementation: [org.hibernate.engine.transaction.jta.platform.internal.NoJtaPlatform]
2022-12-26 11:49:38.694  INFO 1348 --- [main] j.LocalContainerEntityManagerFactoryBean : Initialized JPA EntityManagerFactory for persistence unit 'default'
2022-12-26 11:49:40.662  WARN 1348 --- [main] JpaBaseConfiguration$JpaWebConfiguration : spring.jpa.open-in-view is enabled by default. Therefore, database queries may be performed during view rendering. Explicitly configure spring.jpa.open-in-view to disable this warning
2022-12-26 11:49:44.402  INFO 1348 --- [main] o.s.b.a.e.web.EndpointLinksResolver      : Exposing 14 endpoint(s) beneath base path '/actuator'
2022-12-26 11:49:44.513  INFO 1348 --- [main] c.h.r.service.EmployeeServiceImpTest     : Started EmployeeServiceImpTest in 11.827 seconds (JVM running for 13.478)
2022-12-26 11:49:45.035  INFO 1348 --- [main] c.h.r.service.EmployeeServiceImpTest     : add test executed...
2022-12-26 11:49:45.036 DEBUG 1348 --- [main] c.h.restapi.service.EmployeeServiceImp   : service add debug
2022-12-26 11:49:45.037  INFO 1348 --- [main] c.h.restapi.service.EmployeeServiceImp   : service add info
2022-12-26 11:49:45.037  WARN 1348 --- [main] c.h.restapi.service.EmployeeServiceImp   : service add warn
2022-12-26 11:49:45.233 ERROR 1348 --- [main] c.h.r.service.EmployeeServiceImpTest     : get employee by Id tested..
2022-12-26 11:49:45.276  INFO 1348 --- [main] c.h.r.service.EmployeeServiceImpTest     : [Employee(eid=101, ename=Javeed Mohammed, salary=90000.0), Employee(eid=102, ename=Shruthika, salary=20000.0), Employee(eid=103, ename=smith deniel, salary=12000.0), Employee(eid=105, ename=john, salary=6500.0), Employee(eid=106, ename=monica, salary=20000.0), Employee(eid=107, ename=abhishek, salary=90000.0), Employee(eid=111, ename=kavya, salary=9000.0), Employee(eid=112, ename=Akash, salary=9000.0)]
2022-12-26 11:49:45.303  INFO 1348 --- [SpringApplicationShutdownHook] j.LocalContainerEntityManagerFactoryBean : Closing JPA EntityManagerFactory for persistence unit 'default'
2022-12-26 11:49:45.308  INFO 1348 --- [SpringApplicationShutdownHook] com.zaxxer.hikari.HikariDataSource       : HikariPool-1 - Shutdown initiated...
2022-12-26 11:49:45.359  INFO 1348 --- [SpringApplicationShutdownHook] com.zaxxer.hikari.HikariDataSource       : HikariPool-1 - Shutdown completed.
2022-12-26 11:50:25.210  INFO 14704 --- [main] c.h.r.service.EmployeeServiceImpTest     : Starting EmployeeServiceImpTest using Java 17.0.4.1 on DESKTOP-I8FG7OT with PID 14704 (started by DELL in F:\Capstone_FSD\rest_api_crud)
2022-12-26 11:50:25.214 DEBUG 14704 --- [main] c.h.r.service.EmployeeServiceImpTest     : Running with Spring Boot v2.7.6, Spring v5.3.24
2022-12-26 11:50:25.215  INFO 14704 --- [main] c.h.r.service.EmployeeServiceImpTest     : No active profile set, falling back to 1 default profile: "default"
2022-12-26 11:50:26.808  INFO 14704 --- [main] .s.d.r.c.RepositoryConfigurationDelegate : Bootstrapping Spring Data JPA repositories in DEFAULT mode.
2022-12-26 11:50:26.928  INFO 14704 --- [main] .s.d.r.c.RepositoryConfigurationDelegate : Finished Spring Data repository scanning in 104 ms. Found 1 JPA repository interfaces.
2022-12-26 11:50:27.944  INFO 14704 --- [main] o.hibernate.jpa.internal.util.LogHelper  : HHH000204: Processing PersistenceUnitInfo [name: default]
2022-12-26 11:50:28.059  INFO 14704 --- [main] org.hibernate.Version                    : HHH000412: Hibernate ORM core version 5.6.14.Final
2022-12-26 11:50:28.380  INFO 14704 --- [main] o.hibernate.annotations.common.Version   : HCANN000001: Hibernate Commons Annotations {5.1.2.Final}
2022-12-26 11:50:28.604  INFO 14704 --- [main] com.zaxxer.hikari.HikariDataSource       : HikariPool-1 - Starting...
2022-12-26 11:50:29.095  INFO 14704 --- [main] com.zaxxer.hikari.HikariDataSource       : HikariPool-1 - Start completed.
2022-12-26 11:50:29.161  INFO 14704 --- [main] org.hibernate.dialect.Dialect            : HHH000400: Using dialect: org.hibernate.dialect.MySQL8Dialect
2022-12-26 11:50:30.302  INFO 14704 --- [main] o.h.e.t.j.p.i.JtaPlatformInitiator       : HHH000490: Using JtaPlatform implementation: [org.hibernate.engine.transaction.jta.platform.internal.NoJtaPlatform]
2022-12-26 11:50:30.317  INFO 14704 --- [main] j.LocalContainerEntityManagerFactoryBean : Initialized JPA EntityManagerFactory for persistence unit 'default'
2022-12-26 11:50:31.997  WARN 14704 --- [main] JpaBaseConfiguration$JpaWebConfiguration : spring.jpa.open-in-view is enabled by default. Therefore, database queries may be performed during view rendering. Explicitly configure spring.jpa.open-in-view to disable this warning
2022-12-26 11:50:36.250  INFO 14704 --- [main] o.s.b.a.e.web.EndpointLinksResolver      : Exposing 14 endpoint(s) beneath base path '/actuator'
2022-12-26 11:50:36.393  INFO 14704 --- [main] c.h.r.service.EmployeeServiceImpTest     : Started EmployeeServiceImpTest in 11.811 seconds (JVM running for 13.443)
2022-12-26 11:50:36.969  INFO 14704 --- [main] c.h.r.service.EmployeeServiceImpTest     : add test executed...
2022-12-26 11:50:36.969 DEBUG 14704 --- [main] c.h.restapi.service.EmployeeServiceImp   : service add debug
2022-12-26 11:50:36.970  INFO 14704 --- [main] c.h.restapi.service.EmployeeServiceImp   : service add info
2022-12-26 11:50:36.971  WARN 14704 --- [main] c.h.restapi.service.EmployeeServiceImp   : service add warn
2022-12-26 11:50:37.176 ERROR 14704 --- [main] c.h.r.service.EmployeeServiceImpTest     : get employee by Id tested..
2022-12-26 11:50:37.217  INFO 14704 --- [main] c.h.r.service.EmployeeServiceImpTest     : [Employee(eid=101, ename=Javeed Mohammed, salary=90000.0), Employee(eid=102, ename=Shruthika, salary=20000.0), Employee(eid=103, ename=smith deniel, salary=12000.0), Employee(eid=105, ename=john, salary=6500.0), Employee(eid=106, ename=monica, salary=20000.0), Employee(eid=107, ename=abhishek, salary=90000.0), Employee(eid=111, ename=kavya, salary=9000.0), Employee(eid=112, ename=Akash, salary=9000.0)]
2022-12-26 11:50:37.252  INFO 14704 --- [SpringApplicationShutdownHook] j.LocalContainerEntityManagerFactoryBean : Closing JPA EntityManagerFactory for persistence unit 'default'
2022-12-26 11:50:37.257  INFO 14704 --- [SpringApplicationShutdownHook] com.zaxxer.hikari.HikariDataSource       : HikariPool-1 - Shutdown initiated...
2022-12-26 11:50:37.285  INFO 14704 --- [SpringApplicationShutdownHook] com.zaxxer.hikari.HikariDataSource       : HikariPool-1 - Shutdown completed.
2022-12-26 12:18:58.959  INFO 6580 --- [main] c.h.r.service.EmployeeServiceImpTest     : Starting EmployeeServiceImpTest using Java 17.0.4.1 on DESKTOP-I8FG7OT with PID 6580 (started by DELL in F:\Capstone_FSD\rest_api_crud)
2022-12-26 12:18:58.963 DEBUG 6580 --- [main] c.h.r.service.EmployeeServiceImpTest     : Running with Spring Boot v2.7.6, Spring v5.3.24
2022-12-26 12:18:58.968  INFO 6580 --- [main] c.h.r.service.EmployeeServiceImpTest     : No active profile set, falling back to 1 default profile: "default"
2022-12-26 12:19:00.844  INFO 6580 --- [main] .s.d.r.c.RepositoryConfigurationDelegate : Bootstrapping Spring Data JPA repositories in DEFAULT mode.
2022-12-26 12:19:00.977  INFO 6580 --- [main] .s.d.r.c.RepositoryConfigurationDelegate : Finished Spring Data repository scanning in 105 ms. Found 1 JPA repository interfaces.
2022-12-26 12:19:02.115  INFO 6580 --- [main] o.hibernate.jpa.internal.util.LogHelper  : HHH000204: Processing PersistenceUnitInfo [name: default]
2022-12-26 12:19:02.223  INFO 6580 --- [main] org.hibernate.Version                    : HHH000412: Hibernate ORM core version 5.6.14.Final
2022-12-26 12:19:02.506  INFO 6580 --- [main] o.hibernate.annotations.common.Version   : HCANN000001: Hibernate Commons Annotations {5.1.2.Final}
2022-12-26 12:19:02.756  INFO 6580 --- [main] com.zaxxer.hikari.HikariDataSource       : HikariPool-1 - Starting...
2022-12-26 12:19:03.354  INFO 6580 --- [main] com.zaxxer.hikari.HikariDataSource       : HikariPool-1 - Start completed.
2022-12-26 12:19:03.410  INFO 6580 --- [main] org.hibernate.dialect.Dialect            : HHH000400: Using dialect: org.hibernate.dialect.MySQL8Dialect
2022-12-26 12:19:04.761  INFO 6580 --- [main] o.h.e.t.j.p.i.JtaPlatformInitiator       : HHH000490: Using JtaPlatform implementation: [org.hibernate.engine.transaction.jta.platform.internal.NoJtaPlatform]
2022-12-26 12:19:04.775  INFO 6580 --- [main] j.LocalContainerEntityManagerFactoryBean : Initialized JPA EntityManagerFactory for persistence unit 'default'
2022-12-26 12:19:06.938  WARN 6580 --- [main] JpaBaseConfiguration$JpaWebConfiguration : spring.jpa.open-in-view is enabled by default. Therefore, database queries may be performed during view rendering. Explicitly configure spring.jpa.open-in-view to disable this warning
2022-12-26 12:19:10.763  INFO 6580 --- [main] o.s.b.a.e.web.EndpointLinksResolver      : Exposing 14 endpoint(s) beneath base path '/actuator'
2022-12-26 12:19:10.939  INFO 6580 --- [main] c.h.r.service.EmployeeServiceImpTest     : Started EmployeeServiceImpTest in 12.675 seconds (JVM running for 14.41)
2022-12-26 12:19:11.448  INFO 6580 --- [main] c.h.r.service.EmployeeServiceImpTest     : add test executed...
2022-12-26 12:19:11.449 DEBUG 6580 --- [main] c.h.restapi.service.EmployeeServiceImp   : service add debug
2022-12-26 12:19:11.450  INFO 6580 --- [main] c.h.restapi.service.EmployeeServiceImp   : service add info
2022-12-26 12:19:11.450  WARN 6580 --- [main] c.h.restapi.service.EmployeeServiceImp   : service add warn
2022-12-26 12:19:11.644 ERROR 6580 --- [main] c.h.r.service.EmployeeServiceImpTest     : get employee by Id tested..
2022-12-26 12:19:11.692  INFO 6580 --- [main] c.h.r.service.EmployeeServiceImpTest     : [Employee(eid=101, ename=Javeed Mohammed, salary=90000.0), Employee(eid=102, ename=Shruthika, salary=20000.0), Employee(eid=103, ename=smith deniel, salary=12000.0), Employee(eid=105, ename=john, salary=6500.0), Employee(eid=106, ename=monica, salary=20000.0), Employee(eid=107, ename=abhishek, salary=90000.0), Employee(eid=111, ename=kavya, salary=9000.0), Employee(eid=112, ename=Akash, salary=9000.0)]
2022-12-26 12:19:11.725  INFO 6580 --- [SpringApplicationShutdownHook] j.LocalContainerEntityManagerFactoryBean : Closing JPA EntityManagerFactory for persistence unit 'default'
2022-12-26 12:19:11.733  INFO 6580 --- [SpringApplicationShutdownHook] com.zaxxer.hikari.HikariDataSource       : HikariPool-1 - Shutdown initiated...
2022-12-26 12:19:11.775  INFO 6580 --- [SpringApplicationShutdownHook] com.zaxxer.hikari.HikariDataSource       : HikariPool-1 - Shutdown completed.
2022-12-26 12:20:04.555  INFO 3752 --- [main] c.h.r.r.EmployeeRestControllerTest2      : Starting EmployeeRestControllerTest2 using Java 17.0.4.1 on DESKTOP-I8FG7OT with PID 3752 (started by DELL in F:\Capstone_FSD\rest_api_crud)
2022-12-26 12:20:04.558  INFO 3752 --- [main] c.h.r.r.EmployeeRestControllerTest2      : No active profile set, falling back to 1 default profile: "default"
2022-12-26 12:20:06.281  INFO 3752 --- [main] .s.d.r.c.RepositoryConfigurationDelegate : Bootstrapping Spring Data JPA repositories in DEFAULT mode.
2022-12-26 12:20:06.391  INFO 3752 --- [main] .s.d.r.c.RepositoryConfigurationDelegate : Finished Spring Data repository scanning in 92 ms. Found 1 JPA repository interfaces.
2022-12-26 12:20:07.494  INFO 3752 --- [main] o.hibernate.jpa.internal.util.LogHelper  : HHH000204: Processing PersistenceUnitInfo [name: default]
2022-12-26 12:20:07.604  INFO 3752 --- [main] org.hibernate.Version                    : HHH000412: Hibernate ORM core version 5.6.14.Final
2022-12-26 12:20:07.936  INFO 3752 --- [main] o.hibernate.annotations.common.Version   : HCANN000001: Hibernate Commons Annotations {5.1.2.Final}
2022-12-26 12:20:08.213  INFO 3752 --- [main] com.zaxxer.hikari.HikariDataSource       : HikariPool-1 - Starting...
2022-12-26 12:20:08.701  INFO 3752 --- [main] com.zaxxer.hikari.HikariDataSource       : HikariPool-1 - Start completed.
2022-12-26 12:20:08.754  INFO 3752 --- [main] org.hibernate.dialect.Dialect            : HHH000400: Using dialect: org.hibernate.dialect.MySQL8Dialect
2022-12-26 12:20:09.882  INFO 3752 --- [main] o.h.e.t.j.p.i.JtaPlatformInitiator       : HHH000490: Using JtaPlatform implementation: [org.hibernate.engine.transaction.jta.platform.internal.NoJtaPlatform]
2022-12-26 12:20:09.900  INFO 3752 --- [main] j.LocalContainerEntityManagerFactoryBean : Initialized JPA EntityManagerFactory for persistence unit 'default'
2022-12-26 12:20:11.405  WARN 3752 --- [main] JpaBaseConfiguration$JpaWebConfiguration : spring.jpa.open-in-view is enabled by default. Therefore, database queries may be performed during view rendering. Explicitly configure spring.jpa.open-in-view to disable this warning
2022-12-26 12:20:15.044  INFO 3752 --- [main] o.s.b.a.e.web.EndpointLinksResolver      : Exposing 14 endpoint(s) beneath base path '/actuator'
2022-12-26 12:20:15.152  INFO 3752 --- [main] c.h.r.r.EmployeeRestControllerTest2      : Started EmployeeRestControllerTest2 in 11.277 seconds (JVM running for 12.916)
2022-12-26 12:20:15.786  INFO 3752 --- [SpringApplicationShutdownHook] j.LocalContainerEntityManagerFactoryBean : Closing JPA EntityManagerFactory for persistence unit 'default'
2022-12-26 12:20:15.792  INFO 3752 --- [SpringApplicationShutdownHook] com.zaxxer.hikari.HikariDataSource       : HikariPool-1 - Shutdown initiated...
2022-12-26 12:20:15.822  INFO 3752 --- [SpringApplicationShutdownHook] com.zaxxer.hikari.HikariDataSource       : HikariPool-1 - Shutdown completed.
2022-12-26 12:21:31.151  INFO 12156 --- [main] com.hcl.restapi.RestApiCrudApplication   : Starting RestApiCrudApplication using Java 17.0.4.1 on DESKTOP-I8FG7OT with PID 12156 (F:\Capstone_FSD\rest_api_crud\target\classes started by DELL in F:\Capstone_FSD\rest_api_crud)
2022-12-26 12:21:31.157  INFO 12156 --- [main] com.hcl.restapi.RestApiCrudApplication   : No active profile set, falling back to 1 default profile: "default"
2022-12-26 12:21:32.089  INFO 12156 --- [main] .s.d.r.c.RepositoryConfigurationDelegate : Bootstrapping Spring Data JPA repositories in DEFAULT mode.
2022-12-26 12:21:32.142  INFO 12156 --- [main] .s.d.r.c.RepositoryConfigurationDelegate : Finished Spring Data repository scanning in 43 ms. Found 1 JPA repository interfaces.
2022-12-26 12:21:32.650  INFO 12156 --- [main] o.s.b.w.embedded.tomcat.TomcatWebServer  : Tomcat initialized with port(s): 8989 (http)
2022-12-26 12:21:32.659  INFO 12156 --- [main] o.apache.catalina.core.StandardService   : Starting service [Tomcat]
2022-12-26 12:21:32.660  INFO 12156 --- [main] org.apache.catalina.core.StandardEngine  : Starting Servlet engine: [Apache Tomcat/9.0.69]
2022-12-26 12:21:32.959  INFO 12156 --- [main] o.a.c.c.C.[Tomcat].[localhost].[/]       : Initializing Spring embedded WebApplicationContext
2022-12-26 12:21:32.960  INFO 12156 --- [main] w.s.c.ServletWebServerApplicationContext : Root WebApplicationContext: initialization completed in 1728 ms
2022-12-26 12:21:33.337  INFO 12156 --- [main] o.hibernate.jpa.internal.util.LogHelper  : HHH000204: Processing PersistenceUnitInfo [name: default]
2022-12-26 12:21:33.390  INFO 12156 --- [main] org.hibernate.Version                    : HHH000412: Hibernate ORM core version 5.6.14.Final
2022-12-26 12:21:33.561  INFO 12156 --- [main] o.hibernate.annotations.common.Version   : HCANN000001: Hibernate Commons Annotations {5.1.2.Final}
2022-12-26 12:21:33.716  INFO 12156 --- [main] com.zaxxer.hikari.HikariDataSource       : HikariPool-1 - Starting...
2022-12-26 12:21:34.127  INFO 12156 --- [main] com.zaxxer.hikari.HikariDataSource       : HikariPool-1 - Start completed.
2022-12-26 12:21:34.177  INFO 12156 --- [main] org.hibernate.dialect.Dialect            : HHH000400: Using dialect: org.hibernate.dialect.MySQL8Dialect
2022-12-26 12:21:34.908  INFO 12156 --- [main] o.h.e.t.j.p.i.JtaPlatformInitiator       : HHH000490: Using JtaPlatform implementation: [org.hibernate.engine.transaction.jta.platform.internal.NoJtaPlatform]
2022-12-26 12:21:34.918  INFO 12156 --- [main] j.LocalContainerEntityManagerFactoryBean : Initialized JPA EntityManagerFactory for persistence unit 'default'
2022-12-26 12:21:35.614  WARN 12156 --- [main] JpaBaseConfiguration$JpaWebConfiguration : spring.jpa.open-in-view is enabled by default. Therefore, database queries may be performed during view rendering. Explicitly configure spring.jpa.open-in-view to disable this warning
2022-12-26 12:21:37.020  INFO 12156 --- [main] o.s.b.a.e.web.EndpointLinksResolver      : Exposing 14 endpoint(s) beneath base path '/actuator'
2022-12-26 12:21:37.167  INFO 12156 --- [main] o.s.b.w.embedded.tomcat.TomcatWebServer  : Tomcat started on port(s): 8989 (http) with context path ''
2022-12-26 12:21:37.187  INFO 12156 --- [main] com.hcl.restapi.RestApiCrudApplication   : Started RestApiCrudApplication in 6.601 seconds (JVM running for 7.671)
2022-12-26 12:21:38.901  INFO 12156 --- [RMI TCP Connection(3)-127.0.0.1] o.a.c.c.C.[Tomcat].[localhost].[/]       : Initializing Spring DispatcherServlet 'dispatcherServlet'
2022-12-26 12:21:38.901  INFO 12156 --- [RMI TCP Connection(3)-127.0.0.1] o.s.web.servlet.DispatcherServlet        : Initializing Servlet 'dispatcherServlet'
2022-12-26 12:21:38.904  INFO 12156 --- [RMI TCP Connection(3)-127.0.0.1] o.s.web.servlet.DispatcherServlet        : Completed initialization in 2 ms
2022-12-26 12:22:32.003  WARN 12156 --- [http-nio-8989-exec-2] .w.s.m.s.DefaultHandlerExceptionResolver : Resolved [org.springframework.web.HttpRequestMethodNotSupportedException: Request method 'GET' not supported]
2022-12-26 12:24:31.160  INFO 12156 --- [RMI TCP Connection(6)-127.0.0.1] inMXBeanRegistrar$SpringApplicationAdmin : Application shutdown requested.
2022-12-26 12:24:31.173  INFO 12156 --- [RMI TCP Connection(6)-127.0.0.1] o.apache.catalina.core.StandardService   : Stopping service [Tomcat]
2022-12-26 12:24:31.174  INFO 12156 --- [RMI TCP Connection(6)-127.0.0.1] o.a.c.c.C.[Tomcat].[localhost].[/]       : Destroying Spring FrameworkServlet 'dispatcherServlet'
2022-12-26 12:24:31.183  INFO 12156 --- [RMI TCP Connection(6)-127.0.0.1] j.LocalContainerEntityManagerFactoryBean : Closing JPA EntityManagerFactory for persistence unit 'default'
2022-12-26 12:24:31.187  INFO 12156 --- [RMI TCP Connection(6)-127.0.0.1] com.zaxxer.hikari.HikariDataSource       : HikariPool-1 - Shutdown initiated...
2022-12-26 12:24:31.195  INFO 12156 --- [RMI TCP Connection(6)-127.0.0.1] com.zaxxer.hikari.HikariDataSource       : HikariPool-1 - Shutdown completed.
2022-12-26 12:24:34.114  INFO 5168 --- [main] com.hcl.restapi.RestApiCrudApplication   : Starting RestApiCrudApplication using Java 17.0.4.1 on DESKTOP-I8FG7OT with PID 5168 (F:\Capstone_FSD\rest_api_crud\target\classes started by DELL in F:\Capstone_FSD\rest_api_crud)
2022-12-26 12:24:34.118  INFO 5168 --- [main] com.hcl.restapi.RestApiCrudApplication   : No active profile set, falling back to 1 default profile: "default"
2022-12-26 12:24:35.077  INFO 5168 --- [main] .s.d.r.c.RepositoryConfigurationDelegate : Bootstrapping Spring Data JPA repositories in DEFAULT mode.
2022-12-26 12:24:35.136  INFO 5168 --- [main] .s.d.r.c.RepositoryConfigurationDelegate : Finished Spring Data repository scanning in 46 ms. Found 1 JPA repository interfaces.
2022-12-26 12:24:35.703  INFO 5168 --- [main] o.s.b.w.embedded.tomcat.TomcatWebServer  : Tomcat initialized with port(s): 8989 (http)
2022-12-26 12:24:35.716  INFO 5168 --- [main] o.apache.catalina.core.StandardService   : Starting service [Tomcat]
2022-12-26 12:24:35.717  INFO 5168 --- [main] org.apache.catalina.core.StandardEngine  : Starting Servlet engine: [Apache Tomcat/9.0.69]
2022-12-26 12:24:35.899  INFO 5168 --- [main] o.a.c.c.C.[Tomcat].[localhost].[/]       : Initializing Spring embedded WebApplicationContext
2022-12-26 12:24:35.900  INFO 5168 --- [main] w.s.c.ServletWebServerApplicationContext : Root WebApplicationContext: initialization completed in 1715 ms
2022-12-26 12:24:36.223  INFO 5168 --- [main] o.hibernate.jpa.internal.util.LogHelper  : HHH000204: Processing PersistenceUnitInfo [name: default]
2022-12-26 12:24:36.280  INFO 5168 --- [main] org.hibernate.Version                    : HHH000412: Hibernate ORM core version 5.6.14.Final
2022-12-26 12:24:36.452  INFO 5168 --- [main] o.hibernate.annotations.common.Version   : HCANN000001: Hibernate Commons Annotations {5.1.2.Final}
2022-12-26 12:24:36.562  INFO 5168 --- [main] com.zaxxer.hikari.HikariDataSource       : HikariPool-1 - Starting...
2022-12-26 12:24:36.964  INFO 5168 --- [main] com.zaxxer.hikari.HikariDataSource       : HikariPool-1 - Start completed.
2022-12-26 12:24:36.999  INFO 5168 --- [main] org.hibernate.dialect.Dialect            : HHH000400: Using dialect: org.hibernate.dialect.MySQL8Dialect
2022-12-26 12:24:37.698  INFO 5168 --- [main] o.h.e.t.j.p.i.JtaPlatformInitiator       : HHH000490: Using JtaPlatform implementation: [org.hibernate.engine.transaction.jta.platform.internal.NoJtaPlatform]
2022-12-26 12:24:37.707  INFO 5168 --- [main] j.LocalContainerEntityManagerFactoryBean : Initialized JPA EntityManagerFactory for persistence unit 'default'
2022-12-26 12:24:38.343  WARN 5168 --- [main] JpaBaseConfiguration$JpaWebConfiguration : spring.jpa.open-in-view is enabled by default. Therefore, database queries may be performed during view rendering. Explicitly configure spring.jpa.open-in-view to disable this warning
2022-12-26 12:24:39.620  INFO 5168 --- [main] o.s.b.a.e.web.EndpointLinksResolver      : Exposing 14 endpoint(s) beneath base path '/actuator'
2022-12-26 12:24:39.689  INFO 5168 --- [main] o.s.b.w.embedded.tomcat.TomcatWebServer  : Tomcat started on port(s): 8989 (http) with context path ''
2022-12-26 12:24:39.716  INFO 5168 --- [main] com.hcl.restapi.RestApiCrudApplication   : Started RestApiCrudApplication in 6.084 seconds (JVM running for 6.996)
2022-12-26 12:24:40.402  INFO 5168 --- [RMI TCP Connection(3)-127.0.0.1] o.a.c.c.C.[Tomcat].[localhost].[/]       : Initializing Spring DispatcherServlet 'dispatcherServlet'
2022-12-26 12:24:40.403  INFO 5168 --- [RMI TCP Connection(3)-127.0.0.1] o.s.web.servlet.DispatcherServlet        : Initializing Servlet 'dispatcherServlet'
2022-12-26 12:24:40.405  INFO 5168 --- [RMI TCP Connection(3)-127.0.0.1] o.s.web.servlet.DispatcherServlet        : Completed initialization in 2 ms
2022-12-26 12:25:41.150  INFO 14432 --- [main] c.h.r.r.EmployeeRestControllerTest2      : Starting EmployeeRestControllerTest2 using Java 17.0.4.1 on DESKTOP-I8FG7OT with PID 14432 (started by DELL in F:\Capstone_FSD\rest_api_crud)
2022-12-26 12:25:41.154  INFO 14432 --- [main] c.h.r.r.EmployeeRestControllerTest2      : No active profile set, falling back to 1 default profile: "default"
2022-12-26 12:25:43.359  INFO 14432 --- [main] .s.d.r.c.RepositoryConfigurationDelegate : Bootstrapping Spring Data JPA repositories in DEFAULT mode.
2022-12-26 12:25:43.458  INFO 14432 --- [main] .s.d.r.c.RepositoryConfigurationDelegate : Finished Spring Data repository scanning in 83 ms. Found 1 JPA repository interfaces.
2022-12-26 12:25:44.686  INFO 14432 --- [main] o.hibernate.jpa.internal.util.LogHelper  : HHH000204: Processing PersistenceUnitInfo [name: default]
2022-12-26 12:25:44.817  INFO 14432 --- [main] org.hibernate.Version                    : HHH000412: Hibernate ORM core version 5.6.14.Final
2022-12-26 12:25:45.260  INFO 14432 --- [main] o.hibernate.annotations.common.Version   : HCANN000001: Hibernate Commons Annotations {5.1.2.Final}
2022-12-26 12:25:45.553  INFO 14432 --- [main] com.zaxxer.hikari.HikariDataSource       : HikariPool-1 - Starting...
2022-12-26 12:25:46.191  INFO 14432 --- [main] com.zaxxer.hikari.HikariDataSource       : HikariPool-1 - Start completed.
2022-12-26 12:25:46.272  INFO 14432 --- [main] org.hibernate.dialect.Dialect            : HHH000400: Using dialect: org.hibernate.dialect.MySQL8Dialect
2022-12-26 12:25:48.734  INFO 14432 --- [main] o.h.e.t.j.p.i.JtaPlatformInitiator       : HHH000490: Using JtaPlatform implementation: [org.hibernate.engine.transaction.jta.platform.internal.NoJtaPlatform]
2022-12-26 12:25:48.755  INFO 14432 --- [main] j.LocalContainerEntityManagerFactoryBean : Initialized JPA EntityManagerFactory for persistence unit 'default'
2022-12-26 12:25:50.280  WARN 14432 --- [main] JpaBaseConfiguration$JpaWebConfiguration : spring.jpa.open-in-view is enabled by default. Therefore, database queries may be performed during view rendering. Explicitly configure spring.jpa.open-in-view to disable this warning
2022-12-26 12:25:54.533  INFO 14432 --- [main] o.s.b.a.e.web.EndpointLinksResolver      : Exposing 14 endpoint(s) beneath base path '/actuator'
2022-12-26 12:25:54.674  INFO 14432 --- [main] c.h.r.r.EmployeeRestControllerTest2      : Started EmployeeRestControllerTest2 in 14.101 seconds (JVM running for 15.733)
2022-12-26 12:25:55.665  INFO 5168 --- [http-nio-8989-exec-1] c.h.r.r.EmployeeRestController           : add rest api executed..
2022-12-26 12:25:55.666 DEBUG 5168 --- [http-nio-8989-exec-1] c.h.restapi.service.EmployeeServiceImp   : service add debug
2022-12-26 12:25:55.666  INFO 5168 --- [http-nio-8989-exec-1] c.h.restapi.service.EmployeeServiceImp   : service add info
2022-12-26 12:25:55.666  WARN 5168 --- [http-nio-8989-exec-1] c.h.restapi.service.EmployeeServiceImp   : service add warn
2022-12-26 12:25:56.567  INFO 14432 --- [main] c.h.r.r.EmployeeRestControllerTest2      : emp from database Employee(eid=108, ename=king khan, salary=45000.0)
2022-12-26 12:25:56.658  INFO 14432 --- [SpringApplicationShutdownHook] j.LocalContainerEntityManagerFactoryBean : Closing JPA EntityManagerFactory for persistence unit 'default'
2022-12-26 12:25:56.668  INFO 14432 --- [SpringApplicationShutdownHook] com.zaxxer.hikari.HikariDataSource       : HikariPool-1 - Shutdown initiated...
2022-12-26 12:25:56.694  INFO 14432 --- [SpringApplicationShutdownHook] com.zaxxer.hikari.HikariDataSource       : HikariPool-1 - Shutdown completed.
2022-12-26 13:10:23.835  INFO 5168 --- [RMI TCP Connection(50)-127.0.0.1] inMXBeanRegistrar$SpringApplicationAdmin : Application shutdown requested.
2022-12-26 13:10:23.847  INFO 5168 --- [RMI TCP Connection(50)-127.0.0.1] o.apache.catalina.core.StandardService   : Stopping service [Tomcat]
2022-12-26 13:10:23.848  INFO 5168 --- [RMI TCP Connection(50)-127.0.0.1] o.a.c.c.C.[Tomcat].[localhost].[/]       : Destroying Spring FrameworkServlet 'dispatcherServlet'
2022-12-26 13:10:23.856  INFO 5168 --- [RMI TCP Connection(50)-127.0.0.1] j.LocalContainerEntityManagerFactoryBean : Closing JPA EntityManagerFactory for persistence unit 'default'
2022-12-26 13:10:23.859  INFO 5168 --- [RMI TCP Connection(50)-127.0.0.1] com.zaxxer.hikari.HikariDataSource       : HikariPool-1 - Shutdown initiated...
2022-12-26 13:10:23.865  INFO 5168 --- [RMI TCP Connection(50)-127.0.0.1] com.zaxxer.hikari.HikariDataSource       : HikariPool-1 - Shutdown completed.
